[debug] [2020-12-18T14:14:42.185Z] ----------------------------------------------------------------------
[debug] [2020-12-18T14:14:42.188Z] Command:       C:\Program Files\nodejs\node.exe C:\Users\Radhey\AppData\Roaming\npm\node_modules\firebase-tools\lib\bin\firebase.js init
[debug] [2020-12-18T14:14:42.188Z] CLI Version:   9.0.1
[debug] [2020-12-18T14:14:42.188Z] Platform:      win32
[debug] [2020-12-18T14:14:42.188Z] Node Version:  v14.15.1
[debug] [2020-12-18T14:14:42.189Z] Time:          Fri Dec 18 2020 19:44:42 GMT+0530 (India Standard Time)
[debug] [2020-12-18T14:14:42.189Z] ----------------------------------------------------------------------
[debug] [2020-12-18T14:14:42.190Z] 
[debug] [2020-12-18T14:14:42.192Z] >>> [apiv2][query] GET https://firebase-public.firebaseio.com/cli.json [none]
[debug] [2020-12-18T14:14:42.217Z] > command requires scopes: ["email","openid","https://www.googleapis.com/auth/cloudplatformprojects.readonly","https://www.googleapis.com/auth/firebase","https://www.googleapis.com/auth/cloud-platform"]
[debug] [2020-12-18T14:14:42.217Z] > authorizing via signed-in user
[info] 
     ######## #### ########  ######## ########     ###     ######  ########
     ##        ##  ##     ## ##       ##     ##  ##   ##  ##       ##
     ######    ##  ########  ######   ########  #########  ######  ######
     ##        ##  ##    ##  ##       ##     ## ##     ##       ## ##
     ##       #### ##     ## ######## ########  ##     ##  ######  ########

You're about to initialize a Firebase project in this directory:

  F:\Coding\React\messenger

[debug] [2020-12-18T14:14:52.185Z] <<< [apiv2][status] GET https://firebase-public.firebaseio.com/cli.json 200
[debug] [2020-12-18T14:14:52.185Z] <<< [apiv2][body] GET https://firebase-public.firebaseio.com/cli.json {"cloudBuildErrorAfter":1594252800000,"cloudBuildWarnAfter":1590019200000,"defaultNode10After":1594252800000,"minVersion":"3.0.5","node8DeploysDisabledAfter":1613390400000,"node8RuntimeDisabledAfter":1615809600000,"node8WarnAfter":1600128000000}
